<?xml version="1.0" encoding="UTF-8" ?><testsuite errors="0" name="jasmine.specs" tests="17" failures="0" skipped="0" hostname="localhost" time="0.0" timestamp="2013-12-14T11:27:28"><testcase classname="jasmine" name="logger Must have logger, messageType, log, logError, logInfo" time="0.0" failure="false"/><testcase classname="jasmine" name="logger messageType Must have  info: &quot;Information&quot;,error: &quot;Error&quot;,evntSubscribe: &quot;SubscribeEvent&quot;,evntPublish: &quot;PublishEvent&quot;" time="0.0" failure="false"/><testcase classname="jasmine" name="logger logError Must call logger.log with messageType = error: &quot;Error&quot;" time="0.0" failure="false"/><testcase classname="jasmine" name="logger logInfo Must call logger.log with messageType = info: &quot;Information&quot;" time="0.0" failure="false"/><testcase classname="jasmine" name="mediator Must have mediator ,subscribe and publish " time="0.0" failure="false"/><testcase classname="jasmine" name="mediator Must call subscribe and publish and return undefined" time="0.0" failure="false"/><testcase classname="jasmine" name="mediator Must call spyon subscribe and publish " time="0.0" failure="false"/><testcase classname="jasmine" name="mediator Must throw exception when channel is undefied/null while calling subscribe " time="0.0" failure="false"/><testcase classname="jasmine" name="mediator Must throw exception when channel is undefied/null while calling publish " time="0.0" failure="false"/><testcase classname="jasmine" name="sys Must have sys, isEmpty, isDefined, isNullOrEmpty, isArray, isString, isObj" time="0.0" failure="false"/><testcase classname="jasmine" name="sys isEmpty Must return true if empty objects is passed" time="0.0" failure="false"/><testcase classname="jasmine" name="sys isEmpty Must throw exception for null or undefined objects" time="0.0" failure="false"/><testcase classname="jasmine" name="sys isDefined Must return true if objects is defined" time="0.0" failure="false"/><testcase classname="jasmine" name="sys isNullOrEmpty Must pass for null or empty objects" time="0.0" failure="false"/><testcase classname="jasmine" name="sys isArray Must return true if object is an array objects" time="0.0" failure="false"/><testcase classname="jasmine" name="sys isString Must return true if object is a string" time="0.0" failure="false"/><testcase classname="jasmine" name="sys isObj Must return true if object is a native object" time="0.0" failure="false"/></testsuite>